<?xml version="1.0" encoding="UTF-8"?>
<testsuite xmlns:xsi="http://www.w3.org/2001/XMLSchema-instance" xsi:noNamespaceSchemaLocation="https://maven.apache.org/surefire/maven-surefire-plugin/xsd/surefire-test-report.xsd" name="TestSuite" time="9.876" tests="6" errors="0" skipped="0" failures="0">
  <properties>
[...]
</properties>
  <testcase name="checkButtonTest" classname="demoqaTest.DemoQaTest" time="3.626"/>
  <testcase name="clickButtonTest" classname="demoqaTest.DemoQaTest" time="0.714"/>
  <testcase name="doubleClickButtonTest" classname="demoqaTest.DemoQaTest" time="1.041"/>
  <testcase name="radioButtonTest" classname="demoqaTest.DemoQaTest" time="1.041"/>
  <testcase name="rightClickButtonTest" classname="demoqaTest.DemoQaTest" time="0.876"/>
  <testcase name="webTablesTest" classname="demoqaTest.DemoQaTest" time="1.915"/>
</testsuite>