<?xml version="1.0" encoding="UTF-8"?>
<testsuite xmlns:xsi="http://www.w3.org/2001/XMLSchema-instance" xsi:noNamespaceSchemaLocation="https://maven.apache.org/surefire/maven-surefire-plugin/xsd/surefire-test-report.xsd" name="TestSuite" time="22.512" tests="13" errors="0" skipped="0" failures="1">
  <properties>
[...]
</properties>
  <testcase name="checkButtonTest" classname="demoqaTest.DemoQaTest" time="3.116"/>
  <testcase name="clickButtonTest" classname="demoqaTest.DemoQaTest" time="0.745"/>
  <testcase name="doubleClickButtonTest" classname="demoqaTest.DemoQaTest" time="0.917"/>
  <testcase name="radioButtonTest" classname="demoqaTest.DemoQaTest" time="0.792"/>
  <testcase name="rightClickButtonTest" classname="demoqaTest.DemoQaTest" time="0.674"/>
  <testcase name="webTablesTest" classname="demoqaTest.DemoQaTest" time="1.854"/>
  <testcase name="checkHref" classname="selenideTest.AppleTest" time="8.953">
    <failure message="Invalid element state [By.xpath: //input[@type=&apos;text&apos;]]: element not interactable&#10;Screenshot: file:/home/admin/IdeaProjects/selenideTrening/build/reports/tests/1780393735988.0.png&#10;Page source: file:/home/admin/IdeaProjects/selenideTrening/build/reports/tests/1780393735988.0.html&#10;Timeout: 4 s.&#10;Caused by: ElementNotInteractableException: element not interactable" type="com.codeborne.selenide.ex.InvalidStateError">com.codeborne.selenide.ex.InvalidStateError: 
Invalid element state [By.xpath: //input[@type='text']]: element not interactable
Screenshot: file:/home/admin/IdeaProjects/selenideTrening/build/reports/tests/1780393735988.0.png
Page source: file:/home/admin/IdeaProjects/selenideTrening/build/reports/tests/1780393735988.0.html
Timeout: 4 s.
Caused by: ElementNotInteractableException: element not interactable
	at selenideTest.AppleTest.checkHref(AppleTest.java:16)
Caused by: org.openqa.selenium.ElementNotInteractableException: 
element not interactable
  (Session info: chrome=148.0.7778.178)
Build info: version: '4.17.0', revision: 'e52b1be057*'
System info: os.name: 'Linux', os.arch: 'amd64', os.version: '6.17.0-29-generic', java.version: '21.0.11'
Driver info: org.openqa.selenium.chrome.ChromeDriver
Command: [5376577f67549039182ca449334ca727, sendKeysToElement {id=f.2744C8377E4ED7013BA28C2625A6606E.d.C399732AE5743D67471C5690B84E4283.e.23, value=[Ljava.lang.CharSequence;@52d6d273}]
Capabilities {acceptInsecureCerts: true, browserName: chrome, browserVersion: 148.0.7778.178, chrome: {chromedriverVersion: 148.0.7778.178 (d096af1c9e9..., userDataDir: /tmp/org.chromium.Chromium....}, fedcm:accounts: true, goog:chromeOptions: {debuggerAddress: localhost:46129}, goog:processID: 183262, networkConnectionEnabled: false, pageLoadStrategy: normal, platformName: linux, proxy: Proxy(), se:cdp: ws://localhost:46129/devtoo..., se:cdpVersion: 148.0.7778.178, setWindowRect: true, strictFileInteractability: false, timeouts: {implicit: 0, pageLoad: 300000, script: 30000}, unhandledPromptBehavior: accept, webauthn:extension:credBlob: true, webauthn:extension:largeBlob: true, webauthn:extension:minPinLength: true, webauthn:extension:prf: true, webauthn:virtualAuthenticators: true}
Element: [[ChromeDriver: chrome on linux (5376577f67549039182ca449334ca727)] -> xpath: //input[@type='text']]
Session ID: 5376577f67549039182ca449334ca727
	at selenideTest.AppleTest.checkHref(AppleTest.java:16)
</failure>
  </testcase>
  <testcase name="correctStruct" classname="fakestoreapi.FakestoreapiTest" time="1.991"/>
  <testcase name="correctStructToPOJO" classname="fakestoreapi.FakestoreapiTest" time="0.529"/>
  <testcase name="createProductShouldReturn201AndCorrectData" classname="fakestoreapi.FakestoreapiTest" time="0.514"/>
  <testcase name="createProductValidateResponseSchema" classname="fakestoreapi.FakestoreapiTest" time="0.895"/>
  <testcase name="getProductByIdShouldReturn200AndCorrectData" classname="fakestoreapi.FakestoreapiTest" time="0.543"/>
  <testcase name="getProductByIdValidateResponseStructure" classname="fakestoreapi.FakestoreapiTest" time="0.515"/>
</testsuite>