<?xml version="1.0" encoding="UTF-8"?>
<!-- Generated by org.testng.reporters.JUnitXMLReporter -->
<testsuite ignored="0" hostname="admin-systemproductname" failures="0" tests="6" name="RestTest" time="4.991" errors="0" timestamp="2026-06-02T16:49:01 NOVT">
  <testcase classname="fakestoreapi.FakestoreapiTest" name="correctStruct" time="1.992"/>
  <testcase classname="fakestoreapi.FakestoreapiTest" name="correctStructToPOJO" time="0.529"/>
  <testcase classname="fakestoreapi.FakestoreapiTest" name="createProductShouldReturn201AndCorrectData" time="0.513"/>
  <testcase classname="fakestoreapi.FakestoreapiTest" name="createProductValidateResponseSchema" time="0.895"/>
  <testcase classname="fakestoreapi.FakestoreapiTest" name="getProductByIdShouldReturn200AndCorrectData" time="0.542"/>
  <testcase classname="fakestoreapi.FakestoreapiTest" name="getProductByIdValidateResponseStructure" time="0.514"/>
</testsuite> <!-- RestTest -->
