<?xml version="1.0" encoding="UTF-8"?>
<!-- Generated by org.testng.reporters.JUnitXMLReporter -->
<testsuite ignored="0" hostname="admin-systemproductname" failures="0" tests="6" name="selenideTest" time="9.241" errors="0" timestamp="2026-06-02T13:58:25 NOVT">
  <testcase classname="demoqaTest.DemoQaTest" name="checkButtonTest" time="3.583"/>
  <testcase classname="demoqaTest.DemoQaTest" name="clickButtonTest" time="0.712"/>
  <testcase classname="demoqaTest.DemoQaTest" name="doubleClickButtonTest" time="1.041"/>
  <testcase classname="demoqaTest.DemoQaTest" name="radioButtonTest" time="0.79"/>
  <testcase classname="demoqaTest.DemoQaTest" name="rightClickButtonTest" time="0.875"/>
  <testcase classname="demoqaTest.DemoQaTest" name="webTablesTest" time="1.915"/>
</testsuite> <!-- selenideTest -->
