<?xml version="1.0" encoding="UTF-8"?>
<!-- Generated by org.testng.reporters.JUnitXMLReporter -->
<testsuite ignored="0" hostname="admin-systemproductname" failures="1" tests="7" name="selenideTest" time="17.073" errors="0" timestamp="2026-06-02T16:48:56 NOVT">
  <testcase classname="demoqaTest.DemoQaTest" name="checkButtonTest" time="3.083"/>
  <testcase classname="demoqaTest.DemoQaTest" name="clickButtonTest" time="0.742"/>
  <testcase classname="demoqaTest.DemoQaTest" name="doubleClickButtonTest" time="0.917"/>
  <testcase classname="demoqaTest.DemoQaTest" name="radioButtonTest" time="0.792"/>
  <testcase classname="demoqaTest.DemoQaTest" name="rightClickButtonTest" time="0.673"/>
  <testcase classname="demoqaTest.DemoQaTest" name="webTablesTest" time="1.853"/>
  <testcase classname="selenideTest.AppleTest" name="checkHref" time="8.944">
    <failure type="com.codeborne.selenide.ex.InvalidStateError" message="Invalid element state [By.xpath: //input[@type=&amp;apos;text&amp;apos;]]: element not interactable
Screenshot: file:/home/admin/IdeaProjects/selenideTrening/build/reports/tests/1780393735988.0.png
Page source: file:/home/admin/IdeaProjects/selenideTrening/build/reports/tests/1780393735988.0.html
Timeout: 4 s.
Caused by: ElementNotInteractableException: element not interactable">
      <![CDATA[Invalid element state [By.xpath: //input[@type='text']]: element not interactable
Screenshot: file:/home/admin/IdeaProjects/selenideTrening/build/reports/tests/1780393735988.0.png
Page source: file:/home/admin/IdeaProjects/selenideTrening/build/reports/tests/1780393735988.0.html
Timeout: 4 s.
Caused by: ElementNotInteractableException: element not interactable
at com.codeborne.selenide.impl.ExceptionWrapper.wrap(ExceptionWrapper.java:26)
at com.codeborne.selenide.impl.SelenideElementProxy.dispatchAndRetry(SelenideElementProxy.java:154)
at com.codeborne.selenide.impl.SelenideElementProxy.invoke(SelenideElementProxy.java:84)
at jdk.proxy2/jdk.proxy2.$Proxy10.setValue(Unknown Source)
at selenideTest.page.MainPage.search(MainPage.java:16)
at selenideTest.AppleTest.checkHref(AppleTest.java:16)
at java.base/java.util.ArrayList.forEach(ArrayList.java:1596)
Caused by: org.openqa.selenium.ElementNotInteractableException: element not interactable
  (Session info: chrome=148.0.7778.178)
Build info: version: '4.17.0', revision: 'e52b1be057*'
System info: os.name: 'Linux', os.arch: 'amd64', os.version: '6.17.0-29-generic', java.version: '21.0.11'
Driver info: org.openqa.selenium.chrome.ChromeDriver
Command: [5376577f67549039182ca449334ca727, sendKeysToElement {id=f.2744C8377E4ED7013BA28C2625A6606E.d.C399732AE5743D67471C5690B84E4283.e.23, value=[Ljava.lang.CharSequence;@52d6d273}]
Capabilities {acceptInsecureCerts: true, browserName: chrome, browserVersion: 148.0.7778.178, chrome: {chromedriverVersion: 148.0.7778.178 (d096af1c9e9..., userDataDir: /tmp/org.chromium.Chromium....}, fedcm:accounts: true, goog:chromeOptions: {debuggerAddress: localhost:46129}, goog:processID: 183262, networkConnectionEnabled: false, pageLoadStrategy: normal, platformName: linux, proxy: Proxy(), se:cdp: ws://localhost:46129/devtoo..., se:cdpVersion: 148.0.7778.178, setWindowRect: true, strictFileInteractability: false, timeouts: {implicit: 0, pageLoad: 300000, script: 30000}, unhandledPromptBehavior: accept, webauthn:extension:credBlob: true, webauthn:extension:largeBlob: true, webauthn:extension:minPinLength: true, webauthn:extension:prf: true, webauthn:virtualAuthenticators: true}
Element: [[ChromeDriver: chrome on linux (5376577f67549039182ca449334ca727)] -> xpath: //input[@type='text']]
Session ID: 5376577f67549039182ca449334ca727
at org.openqa.selenium.remote.codec.w3c.W3CHttpResponseCodec.createException(W3CHttpResponseCodec.java:185)
at org.openqa.selenium.remote.codec.w3c.W3CHttpResponseCodec.decode(W3CHttpResponseCodec.java:134)
at org.openqa.selenium.remote.codec.w3c.W3CHttpResponseCodec.decode(W3CHttpResponseCodec.java:51)
at org.openqa.selenium.remote.HttpCommandExecutor.execute(HttpCommandExecutor.java:190)
at org.openqa.selenium.remote.service.DriverCommandExecutor.invokeExecute(DriverCommandExecutor.java:216)
at org.openqa.selenium.remote.service.DriverCommandExecutor.execute(DriverCommandExecutor.java:174)
at org.openqa.selenium.remote.RemoteWebDriver.execute(RemoteWebDriver.java:519)
at org.openqa.selenium.remote.RemoteWebElement.execute(RemoteWebElement.java:223)
at org.openqa.selenium.remote.RemoteWebElement.sendKeys(RemoteWebElement.java:110)
at com.codeborne.selenide.commands.SetValue.setValueForTextInput(SetValue.java:71)
at com.codeborne.selenide.commands.SetValue.execute(SetValue.java:43)
at com.codeborne.selenide.commands.SetValue.execute(SetValue.java:25)
at com.codeborne.selenide.commands.Commands.execute(Commands.java:161)
at com.codeborne.selenide.impl.SelenideElementProxy.dispatchAndRetry(SelenideElementProxy.java:132)
... 33 more
... Removed 31 stack frames]]>
    </failure>
  </testcase> <!-- checkHref -->
</testsuite> <!-- selenideTest -->
