<?xml version="1.0" encoding="UTF-8"?>
<!-- Generated by org.testng.reporters.JUnitReportReporter -->
<testsuite hostname="admin-systemproductname" failures="0" tests="6" name="fakestoreapi.FakestoreapiTest" time="4.985" errors="0" timestamp="2026-06-02T16:49:01 NOVT" skipped="0">
  <testcase classname="fakestoreapi.FakestoreapiTest" name="getProductByIdValidateResponseStructure" time="0.514"/>
  <system-out/>
  <testcase classname="fakestoreapi.FakestoreapiTest" name="correctStructToPOJO" time="0.529"/>
  <system-out/>
  <testcase classname="fakestoreapi.FakestoreapiTest" name="createProductValidateResponseSchema" time="0.895"/>
  <system-out/>
  <testcase classname="fakestoreapi.FakestoreapiTest" name="getProductByIdShouldReturn200AndCorrectData" time="0.542"/>
  <system-out/>
  <testcase classname="fakestoreapi.FakestoreapiTest" name="createProductShouldReturn201AndCorrectData" time="0.513"/>
  <system-out/>
  <testcase classname="fakestoreapi.FakestoreapiTest" name="correctStruct" time="1.992"/>
  <system-out/>
</testsuite> <!-- fakestoreapi.FakestoreapiTest -->
