<?xml version="1.0" encoding="UTF-8"?>
<!-- Generated by org.testng.reporters.JUnitReportReporter -->
<testsuite hostname="admin-systemproductname" failures="0" tests="6" name="demoqaTest.DemoQaTest" time="8.060" errors="0" timestamp="2026-06-02T16:49:01 NOVT" skipped="0">
  <testcase classname="demoqaTest.DemoQaTest" name="radioButtonTest" time="0.792"/>
  <system-out/>
  <testcase classname="demoqaTest.DemoQaTest" name="webTablesTest" time="1.853"/>
  <system-out/>
  <testcase classname="demoqaTest.DemoQaTest" name="checkButtonTest" time="3.083"/>
  <system-out/>
  <testcase classname="demoqaTest.DemoQaTest" name="doubleClickButtonTest" time="0.917"/>
  <system-out/>
  <testcase classname="demoqaTest.DemoQaTest" name="rightClickButtonTest" time="0.673"/>
  <system-out/>
  <testcase classname="demoqaTest.DemoQaTest" name="clickButtonTest" time="0.742"/>
  <system-out/>
</testsuite> <!-- demoqaTest.DemoQaTest -->
