<?xml version="1.0" encoding="UTF-8"?>
<!-- Generated by org.testng.reporters.JUnitReportReporter -->
<testsuite hostname="admin-systemproductname" failures="0" tests="6" name="demoqaTest.DemoQaTest" time="8.916" errors="0" timestamp="2026-06-02T13:58:25 NOVT" skipped="0">
  <testcase classname="demoqaTest.DemoQaTest" name="radioButtonTest" time="0.790"/>
  <system-out/>
  <testcase classname="demoqaTest.DemoQaTest" name="webTablesTest" time="1.915"/>
  <system-out/>
  <testcase classname="demoqaTest.DemoQaTest" name="checkButtonTest" time="3.583"/>
  <system-out/>
  <testcase classname="demoqaTest.DemoQaTest" name="clickButtonTest" time="0.712"/>
  <system-out/>
  <testcase classname="demoqaTest.DemoQaTest" name="doubleClickButtonTest" time="1.041"/>
  <system-out/>
  <testcase classname="demoqaTest.DemoQaTest" name="rightClickButtonTest" time="0.875"/>
  <system-out/>
</testsuite> <!-- demoqaTest.DemoQaTest -->
